
> @ascenta/platform@0.0.0 build /Users/jason/personal-repos/ascenta/apps/platform
> next build

▲ Next.js 16.1.4 (Turbopack)
- Environments: .env.local

  Creating an optimized production build ...

> Build error occurred
Error: Turbopack build failed with 1 errors:
./apps/platform/src/app/api/documents/upload/route.ts:17:54
Module not found: Can't resolve 'pdfjs-dist/legacy/build/pdf.mjs'
[0m [90m 15 |[39m   [90m// pdfjs-dist's internal import() for the worker uses /* webpackIgnore: true */,[39m
 [90m 16 |[39m   [90m// so it falls through to native Node.js import() at runtime.[39m
[31m[1m>[22m[39m[90m 17 |[39m   [36mconst[39m { getDocument[33m,[39m [33mGlobalWorkerOptions[39m } [33m=[39m [36mawait[39m [36mimport[39m(
 [90m    |[39m                                                      [31m[1m^[22m[39m[31m[1m^[22m[39m[31m[1m^[22m[39m[31m[1m^[22m[39m[31m[1m^[22m[39m[31m[1m^[22m[39m[31m[1m^[22m[39m
[31m[1m>[22m[39m[90m 18 |[39m     [32m"pdfjs-dist/legacy/build/pdf.mjs"[39m
 [90m    |[39m [31m[1m^[22m[39m[31m[1m^[22m[39m[31m[1m^[22m[39m[31m[1m^[22m[39m[31m[1m^[22m[39m[31m[1m^[22m[39m[31m[1m^[22m[39m[31m[1m^[22m[39m[31m[1m^[22m[39m[31m[1m^[22m[39m[31m[1m^[22m[39m[31m[1m^[22m[39m[31m[1m^[22m[39m[31m[1m^[22m[39m[31m[1m^[22m[39m[31m[1m^[22m[39m[31m[1m^[22m[39m[31m[1m^[22m[39m[31m[1m^[22m[39m[31m[1m^[22m[39m[31m[1m^[22m[39m[31m[1m^[22m[39m[31m[1m^[22m[39m[31m[1m^[22m[39m[31m[1m^[22m[39m[31m[1m^[22m[39m[31m[1m^[22m[39m[31m[1m^[22m[39m[31m[1m^[22m[39m[31m[1m^[22m[39m[31m[1m^[22m[39m[31m[1m^[22m[39m[31m[1m^[22m[39m[31m[1m^[22m[39m[31m[1m^[22m[39m[31m[1m^[22m[39m[31m[1m^[22m[39m
[31m[1m>[22m[39m[90m 19 |[39m   )[33m;[39m
 [90m    |[39m [31m[1m^[22m[39m[31m[1m^[22m[39m[31m[1m^[22m[39m[31m[1m^[22m[39m
 [90m 20 |[39m   [33mGlobalWorkerOptions[39m[33m.[39mworkerSrc [33m=[39m join(
 [90m 21 |[39m     process[33m.[39mcwd()[33m,[39m
 [90m 22 |[39m     [32m"node_modules/pdfjs-dist/legacy/build/pdf.worker.mjs"[39m[0m



https://nextjs.org/docs/messages/module-not-found


    at <unknown> (./apps/platform/src/app/api/documents/upload/route.ts:17:54)
    at <unknown> (https://nextjs.org/docs/messages/module-not-found)
 ELIFECYCLE  Command failed with exit code 1.
